<?xml version="1.0" encoding="UTF-8"?>
<!-- Generated by org.testng.reporters.JUnitReportReporter -->
<testsuite hostname="DESKTOP-734T7OV" failures="0" tests="5" name="com.testng.pack.TestNGFeatures" time="0.006" errors="0" timestamp="2022-05-30T20:32:02 IST" skipped="0">
  <testcase classname="com.testng.pack.TestNGFeatures" name="loginTest" time="0.001"/>
  <system-out/>
  <testcase classname="com.testng.pack.TestNGFeatures" name="loginTest" time="0.001"/>
  <system-out/>
  <testcase classname="com.testng.pack.TestNGFeatures" name="homepageTest" time="0.001"/>
  <system-out/>
  <testcase classname="com.testng.pack.TestNGFeatures" name="loginTest" time="0.001"/>
  <system-out/>
  <testcase classname="com.testng.pack.TestNGFeatures" name="loginTest" time="0.002"/>
  <system-out/>
</testsuite> <!-- com.testng.pack.TestNGFeatures -->
