<?xml version="1.0" encoding="UTF-8"?>
<!-- Generated by org.testng.reporters.JUnitReportReporter -->
<testsuite hostname="DESKTOP-734T7OV" failures="0" tests="2" name="com.testng.pack.TestNGClass" time="0.008" errors="0" timestamp="2022-05-20T23:36:41 IST" skipped="1">
  <testcase classname="com.testng.pack.TestNGClass" name="Test1" time="0.008"/>
  <system-out/>
  <testcase classname="com.testng.pack.TestNGClass" name="Test2">
    <skipped/>
  </testcase> <!-- Test2 -->
  <system-out/>
</testsuite> <!-- com.testng.pack.TestNGClass -->
