<?xml version="1.0" encoding="UTF-8"?>
<!-- Generated by org.testng.reporters.JUnitReportReporter -->
<testsuite hostname="DESKTOP-734T7OV" failures="0" tests="4" name="com.tests.GoogleTest" time="18.195" errors="0" timestamp="2022-05-30T20:32:02 IST" skipped="0">
  <testcase classname="com.tests.GoogleTest" name="imgdisplayed" time="5.143"/>
  <system-out/>
  <testcase classname="com.tests.GoogleTest" name="GoogleTitleTest" time="4.434"/>
  <system-out/>
  <testcase classname="com.tests.GoogleTest" name="logotest" time="4.515"/>
  <system-out/>
  <testcase classname="com.tests.GoogleTest" name="test1" time="4.103"/>
  <system-out/>
</testsuite> <!-- com.tests.GoogleTest -->
