<?xml version="1.0" encoding="UTF-8"?>
<!-- Generated by org.testng.reporters.JUnitReportReporter -->
<testsuite hostname="DESKTOP-734T7OV" failures="0" tests="2" name="com.testng.pack.TestNGClass" time="0.016" errors="0" timestamp="2022-05-30T20:32:02 IST" skipped="0">
  <testcase classname="com.testng.pack.TestNGClass" name="Test1" time="0.014"/>
  <system-out/>
  <testcase classname="com.testng.pack.TestNGClass" name="Test2" time="0.002"/>
  <system-out/>
</testsuite> <!-- com.testng.pack.TestNGClass -->
